Determining if the pthread_create exist failed with the following output:
Change Dir: /home/racecar/racecar-ws/build/CMakeFiles/CMakeTmp

Run Build Command:"/usr/bin/make" "cmTC_59c57/fast"
/usr/bin/make -f CMakeFiles/cmTC_59c57.dir/build.make CMakeFiles/cmTC_59c57.dir/build
make[1]: Entering directory '/home/racecar/racecar-ws/build/CMakeFiles/CMakeTmp'
Building C object CMakeFiles/cmTC_59c57.dir/CheckSymbolExists.c.o
/usr/bin/cc     -o CMakeFiles/cmTC_59c57.dir/CheckSymbolExists.c.o   -c /home/racecar/racecar-ws/build/CMakeFiles/CMakeTmp/CheckSymbolExists.c
Linking C executable cmTC_59c57
/usr/bin/cmake -E cmake_link_script CMakeFiles/cmTC_59c57.dir/link.txt --verbose=1
/usr/bin/cc       CMakeFiles/cmTC_59c57.dir/CheckSymbolExists.c.o  -o cmTC_59c57 -rdynamic 
CMakeFiles/cmTC_59c57.dir/CheckSymbolExists.c.o: In function `main':
CheckSymbolExists.c:(.text+0x14): undefined reference to `pthread_create'
CheckSymbolExists.c:(.text+0x18): undefined reference to `pthread_create'
collect2: error: ld returned 1 exit status
CMakeFiles/cmTC_59c57.dir/build.make:97: recipe for target 'cmTC_59c57' failed
make[1]: *** [cmTC_59c57] Error 1
make[1]: Leaving directory '/home/racecar/racecar-ws/build/CMakeFiles/CMakeTmp'
Makefile:126: recipe for target 'cmTC_59c57/fast' failed
make: *** [cmTC_59c57/fast] Error 2

File /home/racecar/racecar-ws/build/CMakeFiles/CMakeTmp/CheckSymbolExists.c:
/* */
#include <pthread.h>

int main(int argc, char** argv)
{
  (void)argv;
#ifndef pthread_create
  return ((int*)(&pthread_create))[argc];
#else
  (void)argc;
  return 0;
#endif
}

Determining if the function pthread_create exists in the pthreads failed with the following output:
Change Dir: /home/racecar/racecar-ws/build/CMakeFiles/CMakeTmp

Run Build Command:"/usr/bin/make" "cmTC_aebc7/fast"
/usr/bin/make -f CMakeFiles/cmTC_aebc7.dir/build.make CMakeFiles/cmTC_aebc7.dir/build
make[1]: Entering directory '/home/racecar/racecar-ws/build/CMakeFiles/CMakeTmp'
Building C object CMakeFiles/cmTC_aebc7.dir/CheckFunctionExists.c.o
/usr/bin/cc    -DCHECK_FUNCTION_EXISTS=pthread_create   -o CMakeFiles/cmTC_aebc7.dir/CheckFunctionExists.c.o   -c /usr/share/cmake-3.5/Modules/CheckFunctionExists.c
Linking C executable cmTC_aebc7
/usr/bin/cmake -E cmake_link_script CMakeFiles/cmTC_aebc7.dir/link.txt --verbose=1
/usr/bin/cc   -DCHECK_FUNCTION_EXISTS=pthread_create    CMakeFiles/cmTC_aebc7.dir/CheckFunctionExists.c.o  -o cmTC_aebc7 -rdynamic -lpthreads 
/usr/bin/ld: cannot find -lpthreads
collect2: error: ld returned 1 exit status
CMakeFiles/cmTC_aebc7.dir/build.make:97: recipe for target 'cmTC_aebc7' failed
make[1]: *** [cmTC_aebc7] Error 1
make[1]: Leaving directory '/home/racecar/racecar-ws/build/CMakeFiles/CMakeTmp'
Makefile:126: recipe for target 'cmTC_aebc7/fast' failed
make: *** [cmTC_aebc7/fast] Error 2


